---------------------------------------
Begin Slurm Prolog: May-13-2025 23:03:32
Job ID:    4375029
User ID:   kwang692
Account:   gts-kwang692
Job name:  bilevel
Partition: cpu-small
QOS:       inferno
---------------------------------------

CondaError: Run 'conda init' before 'conda deactivate'

echo
ffoqp
1
10
0.01
0.001
Restricted license - for non-production use only - expires 2026-11-23
Forward time 13.62690019607544, backward time 1.1923801898956299
Epoch 0, Train TS Loss 0.4566342750420937, Test TS Loss 0.45326714561535764, Train DF Loss -0.07890606843508206, Test DF Loss -0.7636525722650381
Forward time 12.011476278305054, backward time 0.11220264434814453
Epoch 1, Train TS Loss 1.1888305648015096, Test TS Loss 2.7506023920499363, Train DF Loss -0.4165718783266269, Test DF Loss -4.944334286909837
Forward time 12.34843397140503, backward time 0.17003488540649414
Epoch 2, Train TS Loss 3.041792773283445, Test TS Loss 3.1445374488830566, Train DF Loss -0.5002103419258044, Test DF Loss -4.9430957574110765
Forward time 12.270041942596436, backward time 0.30434346199035645
Epoch 3, Train TS Loss 3.1285074720015893, Test TS Loss 3.1324666280012865, Train DF Loss -0.5004923435357901, Test DF Loss -4.9382626460148735
Forward time 12.076361179351807, backward time 0.12770748138427734
Epoch 4, Train TS Loss 3.1296248665222755, Test TS Loss 3.1773013518406796, Train DF Loss -0.5010213892047222, Test DF Loss -4.943021810971773
Forward time 12.080134153366089, backward time 0.11773037910461426
Epoch 5, Train TS Loss 3.1718000907164354, Test TS Loss 3.2009263772230883, Train DF Loss -0.5004846384892097, Test DF Loss -4.944293058835543
Forward time 12.169835090637207, backward time 0.20051002502441406
Epoch 6, Train TS Loss 3.208192440179678, Test TS Loss 3.24079915193411, Train DF Loss -0.5001662430854944, Test DF Loss -4.941296724172739
Forward time 12.09929609298706, backward time 0.12151479721069336
Epoch 7, Train TS Loss 3.2589386197236867, Test TS Loss 3.3508639885829044, Train DF Loss -0.5012879778559391, Test DF Loss -4.943982784564678
Forward time 12.13510537147522, backward time 0.21136069297790527
Epoch 8, Train TS Loss 3.4070166028462925, Test TS Loss 3.5351726091825046, Train DF Loss -0.500177675141738, Test DF Loss -4.938205388876108
Forward time 12.181767702102661, backward time 0.20349764823913574
Epoch 9, Train TS Loss 3.560977885356316, Test TS Loss 3.577798990102915, Train DF Loss -0.5000026747584343, Test DF Loss -4.94602265724769
Forward time 12.41921854019165, backward time 0.5865452289581299
Epoch 10, Train TS Loss 3.6334775181917043, Test TS Loss 3.6852191411531887, Train DF Loss -0.5006430435639161, Test DF Loss -4.942433724036584
Forward time 12.04428482055664, backward time 0.15509295463562012
Epoch 11, Train TS Loss 3.734200711433704, Test TS Loss 3.7964487992800198, Train DF Loss -0.5005368206363457, Test DF Loss -4.939709956829365
Forward time 12.065429449081421, backward time 0.1187276840209961
Epoch 12, Train TS Loss 3.8211987614631653, Test TS Loss 3.820989865523118, Train DF Loss -0.500169537961483, Test DF Loss -4.940742419316218
Forward time 12.13283896446228, backward time 0.28625035285949707
Epoch 13, Train TS Loss 3.8457639538324795, Test TS Loss 3.8642245806180515, Train DF Loss -0.5005474371405748, Test DF Loss -4.940437867091252
Forward time 12.080733299255371, backward time 0.13045072555541992
Epoch 14, Train TS Loss 3.880026299219865, Test TS Loss 3.888607300244845, Train DF Loss -0.5017211912916257, Test DF Loss -4.940514124356783
Forward time 12.225414514541626, backward time 0.22789812088012695
Epoch 15, Train TS Loss 3.9171575766343336, Test TS Loss 3.9910444296323337, Train DF Loss -0.5009912550449371, Test DF Loss -4.942163834205041
Forward time 12.02055048942566, backward time 0.14289021492004395
Epoch 16, Train TS Loss 4.0598167685362005, Test TS Loss 4.067973760458139, Train DF Loss -0.5012193746291674, Test DF Loss -4.945784568786621
Forward time 12.070605516433716, backward time 0.12412309646606445
Epoch 17, Train TS Loss 4.142065263711489, Test TS Loss 4.3509470866276665, Train DF Loss -0.5000316890386435, Test DF Loss -4.942395613743709
Forward time 12.004539012908936, backward time 0.22558331489562988
Epoch 18, Train TS Loss 4.71434657390301, Test TS Loss 4.928077404315655, Train DF Loss -0.5003465431240889, Test DF Loss -4.940759805532602
Forward time 12.091503143310547, backward time 0.13909482955932617
Epoch 19, Train TS Loss 5.044503762171819, Test TS Loss 5.068903409517729, Train DF Loss -0.5005208735282605, Test DF Loss -4.9460230607252855
---------------------------------------
Begin Slurm Epilog: May-13-2025 23:09:24
Job ID:        4375029
User ID:       kwang692
Account:       gts-kwang692
Job name:      bilevel
Resources:     cpu=1,mem=8G,node=1
Rsrc Used:     cput=00:05:59,vmem=0,walltime=00:05:59,mem=506424K,energy_used=0
Partition:     cpu-small
QOS:           inferno
Nodes:         atl1-1-02-002-23-2
---------------------------------------
