---------------------------------------
Begin Slurm Prolog: May-13-2025 23:12:59
Job ID:    4375104
User ID:   kwang692
Account:   gts-kwang692
Job name:  bilevel
Partition: cpu-small
QOS:       inferno
---------------------------------------

CondaError: Run 'conda init' before 'conda deactivate'

echo
ffoqp
1
10
0.01
0.001
Restricted license - for non-production use only - expires 2026-11-23
Forward time 14.068590879440308, backward time 1.407883644104004
Epoch 0, Train TS Loss 0.4566342750420937, Test TS Loss 0.45326714561535764, Train DF Loss -0.07890606843508206, Test DF Loss -0.07640091329813004
Forward time 12.263344287872314, backward time 0.1643989086151123
Epoch 1, Train TS Loss 1.1888305648015096, Test TS Loss 2.7506023920499363, Train DF Loss -0.4165718783266269, Test DF Loss -0.49443276341144854
Forward time 12.512257814407349, backward time 0.21383261680603027
Epoch 2, Train TS Loss 3.041792773283445, Test TS Loss 3.1445374488830566, Train DF Loss -0.5002103419258044, Test DF Loss -0.494309459741299
Forward time 13.509988784790039, backward time 0.9116418361663818
Epoch 3, Train TS Loss 3.1285074720015893, Test TS Loss 3.1324666280012865, Train DF Loss -0.5004923435357901, Test DF Loss -0.49382612338432896
Forward time 12.582146167755127, backward time 0.16222238540649414
Epoch 4, Train TS Loss 3.1296248665222755, Test TS Loss 3.1773013518406796, Train DF Loss -0.5010213892047222, Test DF Loss -0.4943020504254561
Forward time 12.696454286575317, backward time 1.1259820461273193
Epoch 5, Train TS Loss 3.1718000907164354, Test TS Loss 3.2009263772230883, Train DF Loss -0.5004846384892097, Test DF Loss -0.4944291963027074
Forward time 12.526412963867188, backward time 0.1596519947052002
Epoch 6, Train TS Loss 3.208192440179678, Test TS Loss 3.24079915193411, Train DF Loss -0.5001662430854944, Test DF Loss -0.49412957521585316
Forward time 12.091875553131104, backward time 0.10766124725341797
Epoch 7, Train TS Loss 3.2589386197236867, Test TS Loss 3.3508639885829044, Train DF Loss -0.5012879778559391, Test DF Loss -0.4943981652076428
Forward time 12.493692398071289, backward time 0.2918360233306885
Epoch 8, Train TS Loss 3.4070166028462925, Test TS Loss 3.5351726091825046, Train DF Loss -0.500177675141738, Test DF Loss -0.4938204082158896
Forward time 12.325916528701782, backward time 0.18532919883728027
Epoch 9, Train TS Loss 3.560977885356316, Test TS Loss 3.577798990102915, Train DF Loss -0.5000026747584343, Test DF Loss -0.4946020681124467
Forward time 12.283231019973755, backward time 0.13414692878723145
Epoch 10, Train TS Loss 3.6334775181917043, Test TS Loss 3.6852191411531887, Train DF Loss -0.5006430435639161, Test DF Loss -0.4942432619058169
Forward time 12.473086595535278, backward time 0.3065910339355469
Epoch 11, Train TS Loss 3.734200711433704, Test TS Loss 3.7964487992800198, Train DF Loss -0.5005368206363457, Test DF Loss -0.4939707357149858
Forward time 12.036888599395752, backward time 0.10848736763000488
Epoch 12, Train TS Loss 3.8211987614631653, Test TS Loss 3.820989865523118, Train DF Loss -0.500169537961483, Test DF Loss -0.4940740466117859
Forward time 12.287533521652222, backward time 0.1476583480834961
Epoch 13, Train TS Loss 3.8457639538324795, Test TS Loss 3.8642245806180515, Train DF Loss -0.5005474371405748, Test DF Loss -0.4940436940926772
Forward time 13.246793031692505, backward time 0.3637852668762207
Epoch 14, Train TS Loss 3.880026299219865, Test TS Loss 3.888607300244845, Train DF Loss -0.5017211912916257, Test DF Loss -0.4940512913923997
Forward time 12.340573072433472, backward time 0.1388261318206787
Epoch 15, Train TS Loss 3.9171575766343336, Test TS Loss 3.9910444296323337, Train DF Loss -0.5009912550449371, Test DF Loss -0.49421627017167896
Forward time 12.596146583557129, backward time 0.348557710647583
Epoch 16, Train TS Loss 4.0598167685362005, Test TS Loss 4.067973760458139, Train DF Loss -0.5012193746291674, Test DF Loss -0.4945783798511212
Forward time 12.045755386352539, backward time 0.10829520225524902
Epoch 17, Train TS Loss 4.142065263711489, Test TS Loss 4.3509470866276665, Train DF Loss -0.5000316890386435, Test DF Loss -0.49423946554844195
Forward time 12.584787845611572, backward time 0.1812267303466797
Epoch 18, Train TS Loss 4.71434657390301, Test TS Loss 4.928077404315655, Train DF Loss -0.5003465431240889, Test DF Loss -0.49407590811069196
Forward time 13.372448205947876, backward time 1.2854180335998535
Epoch 19, Train TS Loss 5.044503762171819, Test TS Loss 5.068903409517729, Train DF Loss -0.5005208735282605, Test DF Loss -0.494602056650015
---------------------------------------
Begin Slurm Epilog: May-13-2025 23:18:24
Job ID:        4375104
User ID:       kwang692
Account:       gts-kwang692
Job name:      bilevel
Resources:     cpu=1,mem=8G,node=1
Rsrc Used:     cput=00:05:33,vmem=0,walltime=00:05:33,mem=479480K,energy_used=0
Partition:     cpu-small
QOS:           inferno
Nodes:         atl1-1-02-010-29-2
---------------------------------------
